<?xml version="1.0" encoding="UTF-8"?>
<testsuite name="com.stocktide.stocktideserver.service.CompanyServiceTest" tests="4" skipped="0" failures="0" errors="0" timestamp="2025-01-13T04:49:51" hostname="MacBook-Pro.local" time="12.396">
  <properties/>
  <testcase name="testFillCompaines()" classname="com.stocktide.stocktideserver.service.CompanyServiceTest" time="11.834"/>
  <testcase name="testGetCompanyId()" classname="com.stocktide.stocktideserver.service.CompanyServiceTest" time="0.225"/>
  <testcase name="testRegister()" classname="com.stocktide.stocktideserver.service.CompanyServiceTest" time="0.192"/>
  <testcase name="testFindCompanies()" classname="com.stocktide.stocktideserver.service.CompanyServiceTest" time="0.141"/>
  <system-out><![CDATA[2025-01-13T13:49:50.390+09:00  INFO 14138 --- [    Test worker] t.c.s.AnnotationConfigContextLoaderUtils : Could not detect default configuration classes for test class [com.stocktide.stocktideserver.service.CompanyServiceTest]: CompanyServiceTest does not declare any static, non-private, non-final, nested classes annotated with @Configuration.
2025-01-13T13:49:50.394+09:00  INFO 14138 --- [    Test worker] .b.t.c.SpringBootTestContextBootstrapper : Found @SpringBootConfiguration com.stocktide.stocktideserver.StocktideserverApplication for test class com.stocktide.stocktideserver.service.CompanyServiceTest

  .   ____          _            __ _ _
 /\\ / ___'_ __ _ _(_)_ __  __ _ \ \ \ \
( ( )\___ | '_ | '_| | '_ \/ _` | \ \ \ \
 \\/  ___)| |_)| | | | | || (_| |  ) ) ) )
  '  |____| .__|_| |_|_| |_\__, | / / / /
 =========|_|==============|___/=/_/_/_/
 :: Spring Boot ::                (v3.1.5)

2025-01-13T13:49:50.406+09:00  WARN 14138 --- [    Test worker] ory$DuplicateJsonObjectContextCustomizer : 

Found multiple occurrences of org.json.JSONObject on the class path:

	jar:file:/Users/danth/.gradle/caches/modules-2/files-2.1/org.json/json/20231013/e22e0c040fe16f04ffdb85d851d77b07fc05ea52/json-20231013.jar!/org/json/JSONObject.class
	jar:file:/Users/danth/.gradle/caches/modules-2/files-2.1/com.vaadin.external.google/android-json/0.0.20131108.vaadin1/fa26d351fe62a6a17f5cda1287c1c6110dec413f/android-json-0.0.20131108.vaadin1.jar!/org/json/JSONObject.class

You may wish to exclude one of them to ensure predictable runtime behavior

2025-01-13T13:49:50.406+09:00  INFO 14138 --- [    Test worker] c.s.s.service.CompanyServiceTest         : Starting CompanyServiceTest using Java 21.0.5 with PID 14138 (started by danth in /Users/Shared/Files From d.localized/stocktide/stocktideserver)
2025-01-13T13:49:50.406+09:00  INFO 14138 --- [    Test worker] c.s.s.service.CompanyServiceTest         : The following 1 profile is active: "test"
2025-01-13T13:49:50.461+09:00  INFO 14138 --- [    Test worker] .s.d.r.c.RepositoryConfigurationDelegate : Bootstrapping Spring Data JPA repositories in DEFAULT mode.
2025-01-13T13:49:50.471+09:00  INFO 14138 --- [    Test worker] .s.d.r.c.RepositoryConfigurationDelegate : Finished Spring Data repository scanning in 10 ms. Found 10 JPA repository interfaces.
2025-01-13T13:49:50.506+09:00  INFO 14138 --- [    Test worker] o.hibernate.jpa.internal.util.LogHelper  : HHH000204: Processing PersistenceUnitInfo [name: default]
2025-01-13T13:49:50.508+09:00  INFO 14138 --- [    Test worker] o.s.o.j.p.SpringPersistenceUnitInfo      : No LoadTimeWeaver setup: ignoring JPA class transformer
2025-01-13T13:49:50.509+09:00  INFO 14138 --- [    Test worker] com.zaxxer.hikari.HikariDataSource       : HikariPool-3 - Starting...
2025-01-13T13:49:51.266+09:00  INFO 14138 --- [    Test worker] com.zaxxer.hikari.pool.HikariPool        : HikariPool-3 - Added connection com.mysql.cj.jdbc.ConnectionImpl@56dde963
2025-01-13T13:49:51.267+09:00  INFO 14138 --- [    Test worker] com.zaxxer.hikari.HikariDataSource       : HikariPool-3 - Start completed.
2025-01-13T13:49:51.371+09:00  INFO 14138 --- [    Test worker] o.h.e.t.j.p.i.JtaPlatformInitiator       : HHH000489: No JTA platform available (set 'hibernate.transaction.jta.platform' to enable JTA platform integration)
2025-01-13T13:49:51.532+09:00  INFO 14138 --- [    Test worker] j.LocalContainerEntityManagerFactoryBean : Initialized JPA EntityManagerFactory for persistence unit 'default'
2025-01-13T13:49:51.633+09:00  INFO 14138 --- [    Test worker] c.s.stocktideserver.util.CustomFileUtil  : ................................
2025-01-13T13:49:51.633+09:00  INFO 14138 --- [    Test worker] c.s.stocktideserver.util.CustomFileUtil  : /Users/Shared/Files From d.localized/stocktide/stocktideserver/upload
2025-01-13T13:49:51.639+09:00  WARN 14138 --- [    Test worker] JpaBaseConfiguration$JpaWebConfiguration : spring.jpa.open-in-view is enabled by default. Therefore, database queries may be performed during view rendering. Explicitly configure spring.jpa.open-in-view to disable this warning
2025-01-13T13:49:51.648+09:00  INFO 14138 --- [    Test worker] o.s.s.web.DefaultSecurityFilterChain     : Will secure any request with [org.springframework.security.web.session.DisableEncodeUrlFilter@2300d6fd, org.springframework.security.web.context.request.async.WebAsyncManagerIntegrationFilter@4902882c, org.springframework.security.web.context.SecurityContextHolderFilter@13e3f9a9, org.springframework.security.web.header.HeaderWriterFilter@38f9e69b, org.springframework.web.filter.CorsFilter@3b4d78a4, org.springframework.security.web.authentication.logout.LogoutFilter@39e347c, com.stocktide.stocktideserver.security.filter.JWTCheckFilter@5084fc91, org.springframework.security.web.authentication.UsernamePasswordAuthenticationFilter@2169596d, org.springframework.security.web.savedrequest.RequestCacheAwareFilter@1997784a, org.springframework.security.web.servletapi.SecurityContextHolderAwareRequestFilter@6ead88dd, org.springframework.security.web.authentication.AnonymousAuthenticationFilter@75966f42, org.springframework.security.web.session.SessionManagementFilter@128e7fc4, org.springframework.security.web.access.ExceptionTranslationFilter@2515ed62]
2025-01-13T13:49:51.780+09:00  INFO 14138 --- [    Test worker] o.s.m.s.b.SimpleBrokerMessageHandler     : Starting...
2025-01-13T13:49:51.780+09:00  INFO 14138 --- [    Test worker] o.s.m.s.b.SimpleBrokerMessageHandler     : BrokerAvailabilityEvent[available=true, SimpleBrokerMessageHandler [org.springframework.messaging.simp.broker.DefaultSubscriptionRegistry@2a6ca8d0]]
2025-01-13T13:49:51.780+09:00  INFO 14138 --- [    Test worker] o.s.m.s.b.SimpleBrokerMessageHandler     : Started.
2025-01-13T13:49:51.782+09:00  INFO 14138 --- [    Test worker] c.s.s.service.CompanyServiceTest         : Started CompanyServiceTest in 1.385 seconds (process running for 9.954)
2025-01-13T13:49:51.959+09:00  INFO 14138 --- [    Test worker] c.s.s.stock.service.ApiCallService       : ---------------getStockasbiDataFromApi  started----------------------------------------
2025-01-13T13:49:51.960+09:00  INFO 14138 --- [    Test worker] c.s.s.stock.service.TokenService         : ---------------getAccessToken  started----------------------------------------
Hibernate: 
    select
        t1_0.token_id,
        t1_0.expired,
        t1_0.token 
    from
        token t1_0 
    where
        t1_0.token_id=?
2025-01-13T13:49:52.035+09:00  INFO 14138 --- [    Test worker] c.s.s.stock.service.TokenService         : ---------------tokenVerification : false----------------------------------------
2025-01-13T13:49:52.962+09:00  INFO 14138 --- [    Test worker] c.s.s.stock.service.TokenService         : --------------- isNotEmpty tokenRepository.save  eyJ0eXAiOiJKV1QiLCJhbGciOiJIUzUxMiJ9.eyJzdWIiOiJ0b2tlbiIsImF1ZCI6IjgzMTcxMmMzLWYzN2UtNDY0Ny04NThlLTEwZWQ3NDVlODhiZCIsInByZHRfY2QiOiIiLCJpc3MiOiJ1bm9ndyIsImV4cCI6MTczNjgzMDE5MiwiaWF0IjoxNzM2NzQzNzkyLCJqdGkiOiJQUzJHaTQ0RWY4bHRPbDBybXhkSkljTXdENFhET09nQlBWbVMifQ.ansbKrnzAswB-JuwFzgki9AU0p3-o8YpazwdnGnUKkSXoTsHS4EZDCDjZmqEpZ5IS-HYP4cwrZ3HTVz6vk8Zjw----------------------------------------
2025-01-13T13:49:52.962+09:00  INFO 14138 --- [    Test worker] c.s.s.stock.service.TokenService         : ---------------getAccessToken  finished----------------------------------------
2025-01-13T13:49:52.963+09:00  INFO 14138 --- [    Test worker] c.s.s.stock.service.ApiCallService       : ---------------getStockasbiDataFromApi  request send----------------------------------------
2025-01-13T13:49:53.023+09:00  INFO 14138 --- [    Test worker] c.s.s.stock.service.ApiCallService       : ---------------getStockasbiDataFromApi successfully finished getOutput1 getAskp1: 54300----------------------------------------
Hibernate: 
    insert 
    into
        company
        (code,created_at,kor_name,modified_at) 
    values
        (?,?,?,?)
Hibernate: 
    insert 
    into
        stock_as_bi
        (askp1,askp10,askp2,askp3,askp4,askp5,askp6,askp7,askp8,askp9,askp_rsqn1,askp_rsqn10,askp_rsqn2,askp_rsqn3,askp_rsqn4,askp_rsqn5,askp_rsqn6,askp_rsqn7,askp_rsqn8,askp_rsqn9,bidp1,bidp10,bidp2,bidp3,bidp4,bidp5,bidp6,bidp7,bidp8,bidp9,bidp_rsqn1,bidp_rsqn10,bidp_rsqn2,bidp_rsqn3,bidp_rsqn4,bidp_rsqn5,bidp_rsqn6,bidp_rsqn7,bidp_rsqn8,bidp_rsqn9,company_id) 
    values
        (?,?,?,?,?,?,?,?,?,?,?,?,?,?,?,?,?,?,?,?,?,?,?,?,?,?,?,?,?,?,?,?,?,?,?,?,?,?,?,?,?)
2025-01-13T13:49:53.632+09:00  INFO 14138 --- [    Test worker] c.s.s.stock.service.ApiCallService       : ---------------getStockasbiDataFromApi  started----------------------------------------
2025-01-13T13:49:53.632+09:00  INFO 14138 --- [    Test worker] c.s.s.stock.service.TokenService         : ---------------getAccessToken  started----------------------------------------
2025-01-13T13:49:53.632+09:00  INFO 14138 --- [    Test worker] c.s.s.stock.service.TokenService         : ---------------tokenVerification : true----------------------------------------
2025-01-13T13:49:53.633+09:00  INFO 14138 --- [    Test worker] c.s.s.stock.service.TokenService         : --------------- token : eyJ0eXAiOiJKV1QiLCJhbGciOiJIUzUxMiJ9.eyJzdWIiOiJ0b2tlbiIsImF1ZCI6IjgzMTcxMmMzLWYzN2UtNDY0Ny04NThlLTEwZWQ3NDVlODhiZCIsInByZHRfY2QiOiIiLCJpc3MiOiJ1bm9ndyIsImV4cCI6MTczNjgzMDE5MiwiaWF0IjoxNzM2NzQzNzkyLCJqdGkiOiJQUzJHaTQ0RWY4bHRPbDBybXhkSkljTXdENFhET09nQlBWbVMifQ.ansbKrnzAswB-JuwFzgki9AU0p3-o8YpazwdnGnUKkSXoTsHS4EZDCDjZmqEpZ5IS-HYP4cwrZ3HTVz6vk8Zjw----------------------------------------
2025-01-13T13:49:53.633+09:00  INFO 14138 --- [    Test worker] c.s.s.stock.service.ApiCallService       : ---------------getStockasbiDataFromApi  request send----------------------------------------
2025-01-13T13:49:53.677+09:00  INFO 14138 --- [    Test worker] c.s.s.stock.service.ApiCallService       : ---------------getStockasbiDataFromApi successfully finished getOutput1 getAskp1: 257000----------------------------------------
Hibernate: 
    insert 
    into
        company
        (code,created_at,kor_name,modified_at) 
    values
        (?,?,?,?)
Hibernate: 
    insert 
    into
        stock_as_bi
        (askp1,askp10,askp2,askp3,askp4,askp5,askp6,askp7,askp8,askp9,askp_rsqn1,askp_rsqn10,askp_rsqn2,askp_rsqn3,askp_rsqn4,askp_rsqn5,askp_rsqn6,askp_rsqn7,askp_rsqn8,askp_rsqn9,bidp1,bidp10,bidp2,bidp3,bidp4,bidp5,bidp6,bidp7,bidp8,bidp9,bidp_rsqn1,bidp_rsqn10,bidp_rsqn2,bidp_rsqn3,bidp_rsqn4,bidp_rsqn5,bidp_rsqn6,bidp_rsqn7,bidp_rsqn8,bidp_rsqn9,company_id) 
    values
        (?,?,?,?,?,?,?,?,?,?,?,?,?,?,?,?,?,?,?,?,?,?,?,?,?,?,?,?,?,?,?,?,?,?,?,?,?,?,?,?,?)
2025-01-13T13:49:54.310+09:00  INFO 14138 --- [    Test worker] c.s.s.stock.service.ApiCallService       : ---------------getStockasbiDataFromApi  started----------------------------------------
2025-01-13T13:49:54.310+09:00  INFO 14138 --- [    Test worker] c.s.s.stock.service.TokenService         : ---------------getAccessToken  started----------------------------------------
2025-01-13T13:49:54.310+09:00  INFO 14138 --- [    Test worker] c.s.s.stock.service.TokenService         : ---------------tokenVerification : true----------------------------------------
2025-01-13T13:49:54.311+09:00  INFO 14138 --- [    Test worker] c.s.s.stock.service.TokenService         : --------------- token : eyJ0eXAiOiJKV1QiLCJhbGciOiJIUzUxMiJ9.eyJzdWIiOiJ0b2tlbiIsImF1ZCI6IjgzMTcxMmMzLWYzN2UtNDY0Ny04NThlLTEwZWQ3NDVlODhiZCIsInByZHRfY2QiOiIiLCJpc3MiOiJ1bm9ndyIsImV4cCI6MTczNjgzMDE5MiwiaWF0IjoxNzM2NzQzNzkyLCJqdGkiOiJQUzJHaTQ0RWY4bHRPbDBybXhkSkljTXdENFhET09nQlBWbVMifQ.ansbKrnzAswB-JuwFzgki9AU0p3-o8YpazwdnGnUKkSXoTsHS4EZDCDjZmqEpZ5IS-HYP4cwrZ3HTVz6vk8Zjw----------------------------------------
2025-01-13T13:49:54.311+09:00  INFO 14138 --- [    Test worker] c.s.s.stock.service.ApiCallService       : ---------------getStockasbiDataFromApi  request send----------------------------------------
2025-01-13T13:49:54.354+09:00  INFO 14138 --- [    Test worker] c.s.s.stock.service.ApiCallService       : ---------------getStockasbiDataFromApi successfully finished getOutput1 getAskp1: 182700----------------------------------------
Hibernate: 
    insert 
    into
        company
        (code,created_at,kor_name,modified_at) 
    values
        (?,?,?,?)
Hibernate: 
    insert 
    into
        stock_as_bi
        (askp1,askp10,askp2,askp3,askp4,askp5,askp6,askp7,askp8,askp9,askp_rsqn1,askp_rsqn10,askp_rsqn2,askp_rsqn3,askp_rsqn4,askp_rsqn5,askp_rsqn6,askp_rsqn7,askp_rsqn8,askp_rsqn9,bidp1,bidp10,bidp2,bidp3,bidp4,bidp5,bidp6,bidp7,bidp8,bidp9,bidp_rsqn1,bidp_rsqn10,bidp_rsqn2,bidp_rsqn3,bidp_rsqn4,bidp_rsqn5,bidp_rsqn6,bidp_rsqn7,bidp_rsqn8,bidp_rsqn9,company_id) 
    values
        (?,?,?,?,?,?,?,?,?,?,?,?,?,?,?,?,?,?,?,?,?,?,?,?,?,?,?,?,?,?,?,?,?,?,?,?,?,?,?,?,?)
2025-01-13T13:49:54.956+09:00  INFO 14138 --- [    Test worker] c.s.s.stock.service.ApiCallService       : ---------------getStockasbiDataFromApi  started----------------------------------------
2025-01-13T13:49:54.956+09:00  INFO 14138 --- [    Test worker] c.s.s.stock.service.TokenService         : ---------------getAccessToken  started----------------------------------------
2025-01-13T13:49:54.956+09:00  INFO 14138 --- [    Test worker] c.s.s.stock.service.TokenService         : ---------------tokenVerification : true----------------------------------------
2025-01-13T13:49:54.957+09:00  INFO 14138 --- [    Test worker] c.s.s.stock.service.TokenService         : --------------- token : eyJ0eXAiOiJKV1QiLCJhbGciOiJIUzUxMiJ9.eyJzdWIiOiJ0b2tlbiIsImF1ZCI6IjgzMTcxMmMzLWYzN2UtNDY0Ny04NThlLTEwZWQ3NDVlODhiZCIsInByZHRfY2QiOiIiLCJpc3MiOiJ1bm9ndyIsImV4cCI6MTczNjgzMDE5MiwiaWF0IjoxNzM2NzQzNzkyLCJqdGkiOiJQUzJHaTQ0RWY4bHRPbDBybXhkSkljTXdENFhET09nQlBWbVMifQ.ansbKrnzAswB-JuwFzgki9AU0p3-o8YpazwdnGnUKkSXoTsHS4EZDCDjZmqEpZ5IS-HYP4cwrZ3HTVz6vk8Zjw----------------------------------------
2025-01-13T13:49:54.957+09:00  INFO 14138 --- [    Test worker] c.s.s.stock.service.ApiCallService       : ---------------getStockasbiDataFromApi  request send----------------------------------------
2025-01-13T13:49:55.123+09:00  INFO 14138 --- [    Test worker] c.s.s.stock.service.ApiCallService       : ---------------getStockasbiDataFromApi successfully finished getOutput1 getAskp1: 61100----------------------------------------
Hibernate: 
    insert 
    into
        company
        (code,created_at,kor_name,modified_at) 
    values
        (?,?,?,?)
Hibernate: 
    insert 
    into
        stock_as_bi
        (askp1,askp10,askp2,askp3,askp4,askp5,askp6,askp7,askp8,askp9,askp_rsqn1,askp_rsqn10,askp_rsqn2,askp_rsqn3,askp_rsqn4,askp_rsqn5,askp_rsqn6,askp_rsqn7,askp_rsqn8,askp_rsqn9,bidp1,bidp10,bidp2,bidp3,bidp4,bidp5,bidp6,bidp7,bidp8,bidp9,bidp_rsqn1,bidp_rsqn10,bidp_rsqn2,bidp_rsqn3,bidp_rsqn4,bidp_rsqn5,bidp_rsqn6,bidp_rsqn7,bidp_rsqn8,bidp_rsqn9,company_id) 
    values
        (?,?,?,?,?,?,?,?,?,?,?,?,?,?,?,?,?,?,?,?,?,?,?,?,?,?,?,?,?,?,?,?,?,?,?,?,?,?,?,?,?)
2025-01-13T13:49:55.770+09:00  INFO 14138 --- [    Test worker] c.s.s.stock.service.ApiCallService       : ---------------getStockasbiDataFromApi  started----------------------------------------
2025-01-13T13:49:55.771+09:00  INFO 14138 --- [    Test worker] c.s.s.stock.service.TokenService         : ---------------getAccessToken  started----------------------------------------
2025-01-13T13:49:55.772+09:00  INFO 14138 --- [    Test worker] c.s.s.stock.service.TokenService         : ---------------tokenVerification : true----------------------------------------
2025-01-13T13:49:55.773+09:00  INFO 14138 --- [    Test worker] c.s.s.stock.service.TokenService         : --------------- token : eyJ0eXAiOiJKV1QiLCJhbGciOiJIUzUxMiJ9.eyJzdWIiOiJ0b2tlbiIsImF1ZCI6IjgzMTcxMmMzLWYzN2UtNDY0Ny04NThlLTEwZWQ3NDVlODhiZCIsInByZHRfY2QiOiIiLCJpc3MiOiJ1bm9ndyIsImV4cCI6MTczNjgzMDE5MiwiaWF0IjoxNzM2NzQzNzkyLCJqdGkiOiJQUzJHaTQ0RWY4bHRPbDBybXhkSkljTXdENFhET09nQlBWbVMifQ.ansbKrnzAswB-JuwFzgki9AU0p3-o8YpazwdnGnUKkSXoTsHS4EZDCDjZmqEpZ5IS-HYP4cwrZ3HTVz6vk8Zjw----------------------------------------
2025-01-13T13:49:55.773+09:00  INFO 14138 --- [    Test worker] c.s.s.stock.service.ApiCallService       : ---------------getStockasbiDataFromApi  request send----------------------------------------
2025-01-13T13:49:55.818+09:00  INFO 14138 --- [    Test worker] c.s.s.stock.service.ApiCallService       : ---------------getStockasbiDataFromApi successfully finished getOutput1 getAskp1: 119000----------------------------------------
Hibernate: 
    insert 
    into
        company
        (code,created_at,kor_name,modified_at) 
    values
        (?,?,?,?)
Hibernate: 
    insert 
    into
        stock_as_bi
        (askp1,askp10,askp2,askp3,askp4,askp5,askp6,askp7,askp8,askp9,askp_rsqn1,askp_rsqn10,askp_rsqn2,askp_rsqn3,askp_rsqn4,askp_rsqn5,askp_rsqn6,askp_rsqn7,askp_rsqn8,askp_rsqn9,bidp1,bidp10,bidp2,bidp3,bidp4,bidp5,bidp6,bidp7,bidp8,bidp9,bidp_rsqn1,bidp_rsqn10,bidp_rsqn2,bidp_rsqn3,bidp_rsqn4,bidp_rsqn5,bidp_rsqn6,bidp_rsqn7,bidp_rsqn8,bidp_rsqn9,company_id) 
    values
        (?,?,?,?,?,?,?,?,?,?,?,?,?,?,?,?,?,?,?,?,?,?,?,?,?,?,?,?,?,?,?,?,?,?,?,?,?,?,?,?,?)
2025-01-13T13:49:56.621+09:00  INFO 14138 --- [    Test worker] c.s.s.stock.service.ApiCallService       : ---------------getStockasbiDataFromApi  started----------------------------------------
2025-01-13T13:49:56.621+09:00  INFO 14138 --- [    Test worker] c.s.s.stock.service.TokenService         : ---------------getAccessToken  started----------------------------------------
2025-01-13T13:49:56.622+09:00  INFO 14138 --- [    Test worker] c.s.s.stock.service.TokenService         : ---------------tokenVerification : true----------------------------------------
2025-01-13T13:49:56.623+09:00  INFO 14138 --- [    Test worker] c.s.s.stock.service.TokenService         : --------------- token : eyJ0eXAiOiJKV1QiLCJhbGciOiJIUzUxMiJ9.eyJzdWIiOiJ0b2tlbiIsImF1ZCI6IjgzMTcxMmMzLWYzN2UtNDY0Ny04NThlLTEwZWQ3NDVlODhiZCIsInByZHRfY2QiOiIiLCJpc3MiOiJ1bm9ndyIsImV4cCI6MTczNjgzMDE5MiwiaWF0IjoxNzM2NzQzNzkyLCJqdGkiOiJQUzJHaTQ0RWY4bHRPbDBybXhkSkljTXdENFhET09nQlBWbVMifQ.ansbKrnzAswB-JuwFzgki9AU0p3-o8YpazwdnGnUKkSXoTsHS4EZDCDjZmqEpZ5IS-HYP4cwrZ3HTVz6vk8Zjw----------------------------------------
2025-01-13T13:49:56.623+09:00  INFO 14138 --- [    Test worker] c.s.s.stock.service.ApiCallService       : ---------------getStockasbiDataFromApi  request send----------------------------------------
2025-01-13T13:49:56.666+09:00  INFO 14138 --- [    Test worker] c.s.s.stock.service.ApiCallService       : ---------------getStockasbiDataFromApi successfully finished getOutput1 getAskp1: 4020----------------------------------------
Hibernate: 
    insert 
    into
        company
        (code,created_at,kor_name,modified_at) 
    values
        (?,?,?,?)
Hibernate: 
    insert 
    into
        stock_as_bi
        (askp1,askp10,askp2,askp3,askp4,askp5,askp6,askp7,askp8,askp9,askp_rsqn1,askp_rsqn10,askp_rsqn2,askp_rsqn3,askp_rsqn4,askp_rsqn5,askp_rsqn6,askp_rsqn7,askp_rsqn8,askp_rsqn9,bidp1,bidp10,bidp2,bidp3,bidp4,bidp5,bidp6,bidp7,bidp8,bidp9,bidp_rsqn1,bidp_rsqn10,bidp_rsqn2,bidp_rsqn3,bidp_rsqn4,bidp_rsqn5,bidp_rsqn6,bidp_rsqn7,bidp_rsqn8,bidp_rsqn9,company_id) 
    values
        (?,?,?,?,?,?,?,?,?,?,?,?,?,?,?,?,?,?,?,?,?,?,?,?,?,?,?,?,?,?,?,?,?,?,?,?,?,?,?,?,?)
2025-01-13T13:49:57.267+09:00  INFO 14138 --- [    Test worker] c.s.s.stock.service.ApiCallService       : ---------------getStockasbiDataFromApi  started----------------------------------------
2025-01-13T13:49:57.267+09:00  INFO 14138 --- [    Test worker] c.s.s.stock.service.TokenService         : ---------------getAccessToken  started----------------------------------------
2025-01-13T13:49:57.267+09:00  INFO 14138 --- [    Test worker] c.s.s.stock.service.TokenService         : ---------------tokenVerification : true----------------------------------------
2025-01-13T13:49:57.268+09:00  INFO 14138 --- [    Test worker] c.s.s.stock.service.TokenService         : --------------- token : eyJ0eXAiOiJKV1QiLCJhbGciOiJIUzUxMiJ9.eyJzdWIiOiJ0b2tlbiIsImF1ZCI6IjgzMTcxMmMzLWYzN2UtNDY0Ny04NThlLTEwZWQ3NDVlODhiZCIsInByZHRfY2QiOiIiLCJpc3MiOiJ1bm9ndyIsImV4cCI6MTczNjgzMDE5MiwiaWF0IjoxNzM2NzQzNzkyLCJqdGkiOiJQUzJHaTQ0RWY4bHRPbDBybXhkSkljTXdENFhET09nQlBWbVMifQ.ansbKrnzAswB-JuwFzgki9AU0p3-o8YpazwdnGnUKkSXoTsHS4EZDCDjZmqEpZ5IS-HYP4cwrZ3HTVz6vk8Zjw----------------------------------------
2025-01-13T13:49:57.268+09:00  INFO 14138 --- [    Test worker] c.s.s.stock.service.ApiCallService       : ---------------getStockasbiDataFromApi  request send----------------------------------------
2025-01-13T13:49:57.349+09:00  INFO 14138 --- [    Test worker] c.s.s.stock.service.ApiCallService       : ---------------getStockasbiDataFromApi successfully finished getOutput1 getAskp1: 22650----------------------------------------
Hibernate: 
    insert 
    into
        company
        (code,created_at,kor_name,modified_at) 
    values
        (?,?,?,?)
Hibernate: 
    insert 
    into
        stock_as_bi
        (askp1,askp10,askp2,askp3,askp4,askp5,askp6,askp7,askp8,askp9,askp_rsqn1,askp_rsqn10,askp_rsqn2,askp_rsqn3,askp_rsqn4,askp_rsqn5,askp_rsqn6,askp_rsqn7,askp_rsqn8,askp_rsqn9,bidp1,bidp10,bidp2,bidp3,bidp4,bidp5,bidp6,bidp7,bidp8,bidp9,bidp_rsqn1,bidp_rsqn10,bidp_rsqn2,bidp_rsqn3,bidp_rsqn4,bidp_rsqn5,bidp_rsqn6,bidp_rsqn7,bidp_rsqn8,bidp_rsqn9,company_id) 
    values
        (?,?,?,?,?,?,?,?,?,?,?,?,?,?,?,?,?,?,?,?,?,?,?,?,?,?,?,?,?,?,?,?,?,?,?,?,?,?,?,?,?)
2025-01-13T13:49:57.997+09:00  INFO 14138 --- [    Test worker] c.s.s.stock.service.ApiCallService       : ---------------getStockasbiDataFromApi  started----------------------------------------
2025-01-13T13:49:57.997+09:00  INFO 14138 --- [    Test worker] c.s.s.stock.service.TokenService         : ---------------getAccessToken  started----------------------------------------
2025-01-13T13:49:57.998+09:00  INFO 14138 --- [    Test worker] c.s.s.stock.service.TokenService         : ---------------tokenVerification : true----------------------------------------
2025-01-13T13:49:57.999+09:00  INFO 14138 --- [    Test worker] c.s.s.stock.service.TokenService         : --------------- token : eyJ0eXAiOiJKV1QiLCJhbGciOiJIUzUxMiJ9.eyJzdWIiOiJ0b2tlbiIsImF1ZCI6IjgzMTcxMmMzLWYzN2UtNDY0Ny04NThlLTEwZWQ3NDVlODhiZCIsInByZHRfY2QiOiIiLCJpc3MiOiJ1bm9ndyIsImV4cCI6MTczNjgzMDE5MiwiaWF0IjoxNzM2NzQzNzkyLCJqdGkiOiJQUzJHaTQ0RWY4bHRPbDBybXhkSkljTXdENFhET09nQlBWbVMifQ.ansbKrnzAswB-JuwFzgki9AU0p3-o8YpazwdnGnUKkSXoTsHS4EZDCDjZmqEpZ5IS-HYP4cwrZ3HTVz6vk8Zjw----------------------------------------
2025-01-13T13:49:57.999+09:00  INFO 14138 --- [    Test worker] c.s.s.stock.service.ApiCallService       : ---------------getStockasbiDataFromApi  request send----------------------------------------
2025-01-13T13:49:58.078+09:00  INFO 14138 --- [    Test worker] c.s.s.stock.service.ApiCallService       : ---------------getStockasbiDataFromApi successfully finished getOutput1 getAskp1: 21200----------------------------------------
Hibernate: 
    insert 
    into
        company
        (code,created_at,kor_name,modified_at) 
    values
        (?,?,?,?)
Hibernate: 
    insert 
    into
        stock_as_bi
        (askp1,askp10,askp2,askp3,askp4,askp5,askp6,askp7,askp8,askp9,askp_rsqn1,askp_rsqn10,askp_rsqn2,askp_rsqn3,askp_rsqn4,askp_rsqn5,askp_rsqn6,askp_rsqn7,askp_rsqn8,askp_rsqn9,bidp1,bidp10,bidp2,bidp3,bidp4,bidp5,bidp6,bidp7,bidp8,bidp9,bidp_rsqn1,bidp_rsqn10,bidp_rsqn2,bidp_rsqn3,bidp_rsqn4,bidp_rsqn5,bidp_rsqn6,bidp_rsqn7,bidp_rsqn8,bidp_rsqn9,company_id) 
    values
        (?,?,?,?,?,?,?,?,?,?,?,?,?,?,?,?,?,?,?,?,?,?,?,?,?,?,?,?,?,?,?,?,?,?,?,?,?,?,?,?,?)
2025-01-13T13:49:58.667+09:00  INFO 14138 --- [    Test worker] c.s.s.stock.service.ApiCallService       : ---------------getStockasbiDataFromApi  started----------------------------------------
2025-01-13T13:49:58.668+09:00  INFO 14138 --- [    Test worker] c.s.s.stock.service.TokenService         : ---------------getAccessToken  started----------------------------------------
2025-01-13T13:49:58.668+09:00  INFO 14138 --- [    Test worker] c.s.s.stock.service.TokenService         : ---------------tokenVerification : true----------------------------------------
2025-01-13T13:49:58.668+09:00  INFO 14138 --- [    Test worker] c.s.s.stock.service.TokenService         : --------------- token : eyJ0eXAiOiJKV1QiLCJhbGciOiJIUzUxMiJ9.eyJzdWIiOiJ0b2tlbiIsImF1ZCI6IjgzMTcxMmMzLWYzN2UtNDY0Ny04NThlLTEwZWQ3NDVlODhiZCIsInByZHRfY2QiOiIiLCJpc3MiOiJ1bm9ndyIsImV4cCI6MTczNjgzMDE5MiwiaWF0IjoxNzM2NzQzNzkyLCJqdGkiOiJQUzJHaTQ0RWY4bHRPbDBybXhkSkljTXdENFhET09nQlBWbVMifQ.ansbKrnzAswB-JuwFzgki9AU0p3-o8YpazwdnGnUKkSXoTsHS4EZDCDjZmqEpZ5IS-HYP4cwrZ3HTVz6vk8Zjw----------------------------------------
2025-01-13T13:49:58.669+09:00  INFO 14138 --- [    Test worker] c.s.s.stock.service.ApiCallService       : ---------------getStockasbiDataFromApi  request send----------------------------------------
2025-01-13T13:49:58.718+09:00  INFO 14138 --- [    Test worker] c.s.s.stock.service.ApiCallService       : ---------------getStockasbiDataFromApi successfully finished getOutput1 getAskp1: 1280----------------------------------------
Hibernate: 
    insert 
    into
        company
        (code,created_at,kor_name,modified_at) 
    values
        (?,?,?,?)
Hibernate: 
    insert 
    into
        stock_as_bi
        (askp1,askp10,askp2,askp3,askp4,askp5,askp6,askp7,askp8,askp9,askp_rsqn1,askp_rsqn10,askp_rsqn2,askp_rsqn3,askp_rsqn4,askp_rsqn5,askp_rsqn6,askp_rsqn7,askp_rsqn8,askp_rsqn9,bidp1,bidp10,bidp2,bidp3,bidp4,bidp5,bidp6,bidp7,bidp8,bidp9,bidp_rsqn1,bidp_rsqn10,bidp_rsqn2,bidp_rsqn3,bidp_rsqn4,bidp_rsqn5,bidp_rsqn6,bidp_rsqn7,bidp_rsqn8,bidp_rsqn9,company_id) 
    values
        (?,?,?,?,?,?,?,?,?,?,?,?,?,?,?,?,?,?,?,?,?,?,?,?,?,?,?,?,?,?,?,?,?,?,?,?,?,?,?,?,?)
2025-01-13T13:49:59.522+09:00  INFO 14138 --- [    Test worker] c.s.s.stock.service.ApiCallService       : ---------------getStockasbiDataFromApi  started----------------------------------------
2025-01-13T13:49:59.523+09:00  INFO 14138 --- [    Test worker] c.s.s.stock.service.TokenService         : ---------------getAccessToken  started----------------------------------------
2025-01-13T13:49:59.523+09:00  INFO 14138 --- [    Test worker] c.s.s.stock.service.TokenService         : ---------------tokenVerification : true----------------------------------------
2025-01-13T13:49:59.524+09:00  INFO 14138 --- [    Test worker] c.s.s.stock.service.TokenService         : --------------- token : eyJ0eXAiOiJKV1QiLCJhbGciOiJIUzUxMiJ9.eyJzdWIiOiJ0b2tlbiIsImF1ZCI6IjgzMTcxMmMzLWYzN2UtNDY0Ny04NThlLTEwZWQ3NDVlODhiZCIsInByZHRfY2QiOiIiLCJpc3MiOiJ1bm9ndyIsImV4cCI6MTczNjgzMDE5MiwiaWF0IjoxNzM2NzQzNzkyLCJqdGkiOiJQUzJHaTQ0RWY4bHRPbDBybXhkSkljTXdENFhET09nQlBWbVMifQ.ansbKrnzAswB-JuwFzgki9AU0p3-o8YpazwdnGnUKkSXoTsHS4EZDCDjZmqEpZ5IS-HYP4cwrZ3HTVz6vk8Zjw----------------------------------------
2025-01-13T13:49:59.524+09:00  INFO 14138 --- [    Test worker] c.s.s.stock.service.ApiCallService       : ---------------getStockasbiDataFromApi  request send----------------------------------------
2025-01-13T13:49:59.557+09:00  INFO 14138 --- [    Test worker] c.s.s.stock.service.ApiCallService       : ---------------getStockasbiDataFromApi successfully finished getOutput1 getAskp1: 3790----------------------------------------
Hibernate: 
    insert 
    into
        company
        (code,created_at,kor_name,modified_at) 
    values
        (?,?,?,?)
Hibernate: 
    insert 
    into
        stock_as_bi
        (askp1,askp10,askp2,askp3,askp4,askp5,askp6,askp7,askp8,askp9,askp_rsqn1,askp_rsqn10,askp_rsqn2,askp_rsqn3,askp_rsqn4,askp_rsqn5,askp_rsqn6,askp_rsqn7,askp_rsqn8,askp_rsqn9,bidp1,bidp10,bidp2,bidp3,bidp4,bidp5,bidp6,bidp7,bidp8,bidp9,bidp_rsqn1,bidp_rsqn10,bidp_rsqn2,bidp_rsqn3,bidp_rsqn4,bidp_rsqn5,bidp_rsqn6,bidp_rsqn7,bidp_rsqn8,bidp_rsqn9,company_id) 
    values
        (?,?,?,?,?,?,?,?,?,?,?,?,?,?,?,?,?,?,?,?,?,?,?,?,?,?,?,?,?,?,?,?,?,?,?,?,?,?,?,?,?)
2025-01-13T13:50:00.163+09:00  INFO 14138 --- [    Test worker] c.s.s.stock.service.ApiCallService       : ---------------getStockasbiDataFromApi  started----------------------------------------
2025-01-13T13:50:00.164+09:00  INFO 14138 --- [    Test worker] c.s.s.stock.service.TokenService         : ---------------getAccessToken  started----------------------------------------
2025-01-13T13:50:00.165+09:00  INFO 14138 --- [    Test worker] c.s.s.stock.service.TokenService         : ---------------tokenVerification : true----------------------------------------
2025-01-13T13:50:00.165+09:00  INFO 14138 --- [    Test worker] c.s.s.stock.service.TokenService         : --------------- token : eyJ0eXAiOiJKV1QiLCJhbGciOiJIUzUxMiJ9.eyJzdWIiOiJ0b2tlbiIsImF1ZCI6IjgzMTcxMmMzLWYzN2UtNDY0Ny04NThlLTEwZWQ3NDVlODhiZCIsInByZHRfY2QiOiIiLCJpc3MiOiJ1bm9ndyIsImV4cCI6MTczNjgzMDE5MiwiaWF0IjoxNzM2NzQzNzkyLCJqdGkiOiJQUzJHaTQ0RWY4bHRPbDBybXhkSkljTXdENFhET09nQlBWbVMifQ.ansbKrnzAswB-JuwFzgki9AU0p3-o8YpazwdnGnUKkSXoTsHS4EZDCDjZmqEpZ5IS-HYP4cwrZ3HTVz6vk8Zjw----------------------------------------
2025-01-13T13:50:00.166+09:00  INFO 14138 --- [    Test worker] c.s.s.stock.service.ApiCallService       : ---------------getStockasbiDataFromApi  request send----------------------------------------
2025-01-13T13:50:00.220+09:00  INFO 14138 --- [    Test worker] c.s.s.stock.service.ApiCallService       : ---------------getStockasbiDataFromApi successfully finished getOutput1 getAskp1: 241500----------------------------------------
Hibernate: 
    insert 
    into
        company
        (code,created_at,kor_name,modified_at) 
    values
        (?,?,?,?)
Hibernate: 
    insert 
    into
        stock_as_bi
        (askp1,askp10,askp2,askp3,askp4,askp5,askp6,askp7,askp8,askp9,askp_rsqn1,askp_rsqn10,askp_rsqn2,askp_rsqn3,askp_rsqn4,askp_rsqn5,askp_rsqn6,askp_rsqn7,askp_rsqn8,askp_rsqn9,bidp1,bidp10,bidp2,bidp3,bidp4,bidp5,bidp6,bidp7,bidp8,bidp9,bidp_rsqn1,bidp_rsqn10,bidp_rsqn2,bidp_rsqn3,bidp_rsqn4,bidp_rsqn5,bidp_rsqn6,bidp_rsqn7,bidp_rsqn8,bidp_rsqn9,company_id) 
    values
        (?,?,?,?,?,?,?,?,?,?,?,?,?,?,?,?,?,?,?,?,?,?,?,?,?,?,?,?,?,?,?,?,?,?,?,?,?,?,?,?,?)
2025-01-13T13:50:01.302+09:00  INFO 14138 --- [    Test worker] c.s.s.stock.service.ApiCallService       : ---------------getStockasbiDataFromApi  started----------------------------------------
2025-01-13T13:50:01.303+09:00  INFO 14138 --- [    Test worker] c.s.s.stock.service.TokenService         : ---------------getAccessToken  started----------------------------------------
2025-01-13T13:50:01.303+09:00  INFO 14138 --- [    Test worker] c.s.s.stock.service.TokenService         : ---------------tokenVerification : true----------------------------------------
2025-01-13T13:50:01.303+09:00  INFO 14138 --- [    Test worker] c.s.s.stock.service.TokenService         : --------------- token : eyJ0eXAiOiJKV1QiLCJhbGciOiJIUzUxMiJ9.eyJzdWIiOiJ0b2tlbiIsImF1ZCI6IjgzMTcxMmMzLWYzN2UtNDY0Ny04NThlLTEwZWQ3NDVlODhiZCIsInByZHRfY2QiOiIiLCJpc3MiOiJ1bm9ndyIsImV4cCI6MTczNjgzMDE5MiwiaWF0IjoxNzM2NzQzNzkyLCJqdGkiOiJQUzJHaTQ0RWY4bHRPbDBybXhkSkljTXdENFhET09nQlBWbVMifQ.ansbKrnzAswB-JuwFzgki9AU0p3-o8YpazwdnGnUKkSXoTsHS4EZDCDjZmqEpZ5IS-HYP4cwrZ3HTVz6vk8Zjw----------------------------------------
2025-01-13T13:50:01.303+09:00  INFO 14138 --- [    Test worker] c.s.s.stock.service.ApiCallService       : ---------------getStockasbiDataFromApi  request send----------------------------------------
2025-01-13T13:50:01.365+09:00  INFO 14138 --- [    Test worker] c.s.s.stock.service.ApiCallService       : ---------------getStockasbiDataFromApi successfully finished getOutput1 getAskp1: 220500----------------------------------------
Hibernate: 
    insert 
    into
        company
        (code,created_at,kor_name,modified_at) 
    values
        (?,?,?,?)
Hibernate: 
    insert 
    into
        stock_as_bi
        (askp1,askp10,askp2,askp3,askp4,askp5,askp6,askp7,askp8,askp9,askp_rsqn1,askp_rsqn10,askp_rsqn2,askp_rsqn3,askp_rsqn4,askp_rsqn5,askp_rsqn6,askp_rsqn7,askp_rsqn8,askp_rsqn9,bidp1,bidp10,bidp2,bidp3,bidp4,bidp5,bidp6,bidp7,bidp8,bidp9,bidp_rsqn1,bidp_rsqn10,bidp_rsqn2,bidp_rsqn3,bidp_rsqn4,bidp_rsqn5,bidp_rsqn6,bidp_rsqn7,bidp_rsqn8,bidp_rsqn9,company_id) 
    values
        (?,?,?,?,?,?,?,?,?,?,?,?,?,?,?,?,?,?,?,?,?,?,?,?,?,?,?,?,?,?,?,?,?,?,?,?,?,?,?,?,?)
2025-01-13T13:50:01.972+09:00  INFO 14138 --- [    Test worker] c.s.s.stock.service.ApiCallService       : ---------------getStockasbiDataFromApi  started----------------------------------------
2025-01-13T13:50:01.972+09:00  INFO 14138 --- [    Test worker] c.s.s.stock.service.TokenService         : ---------------getAccessToken  started----------------------------------------
2025-01-13T13:50:01.973+09:00  INFO 14138 --- [    Test worker] c.s.s.stock.service.TokenService         : ---------------tokenVerification : true----------------------------------------
2025-01-13T13:50:01.973+09:00  INFO 14138 --- [    Test worker] c.s.s.stock.service.TokenService         : --------------- token : eyJ0eXAiOiJKV1QiLCJhbGciOiJIUzUxMiJ9.eyJzdWIiOiJ0b2tlbiIsImF1ZCI6IjgzMTcxMmMzLWYzN2UtNDY0Ny04NThlLTEwZWQ3NDVlODhiZCIsInByZHRfY2QiOiIiLCJpc3MiOiJ1bm9ndyIsImV4cCI6MTczNjgzMDE5MiwiaWF0IjoxNzM2NzQzNzkyLCJqdGkiOiJQUzJHaTQ0RWY4bHRPbDBybXhkSkljTXdENFhET09nQlBWbVMifQ.ansbKrnzAswB-JuwFzgki9AU0p3-o8YpazwdnGnUKkSXoTsHS4EZDCDjZmqEpZ5IS-HYP4cwrZ3HTVz6vk8Zjw----------------------------------------
2025-01-13T13:50:01.973+09:00  INFO 14138 --- [    Test worker] c.s.s.stock.service.ApiCallService       : ---------------getStockasbiDataFromApi  request send----------------------------------------
2025-01-13T13:50:02.019+09:00  INFO 14138 --- [    Test worker] c.s.s.stock.service.ApiCallService       : ---------------getStockasbiDataFromApi successfully finished getOutput1 getAskp1: 84300----------------------------------------
Hibernate: 
    insert 
    into
        company
        (code,created_at,kor_name,modified_at) 
    values
        (?,?,?,?)
Hibernate: 
    insert 
    into
        stock_as_bi
        (askp1,askp10,askp2,askp3,askp4,askp5,askp6,askp7,askp8,askp9,askp_rsqn1,askp_rsqn10,askp_rsqn2,askp_rsqn3,askp_rsqn4,askp_rsqn5,askp_rsqn6,askp_rsqn7,askp_rsqn8,askp_rsqn9,bidp1,bidp10,bidp2,bidp3,bidp4,bidp5,bidp6,bidp7,bidp8,bidp9,bidp_rsqn1,bidp_rsqn10,bidp_rsqn2,bidp_rsqn3,bidp_rsqn4,bidp_rsqn5,bidp_rsqn6,bidp_rsqn7,bidp_rsqn8,bidp_rsqn9,company_id) 
    values
        (?,?,?,?,?,?,?,?,?,?,?,?,?,?,?,?,?,?,?,?,?,?,?,?,?,?,?,?,?,?,?,?,?,?,?,?,?,?,?,?,?)
2025-01-13T13:50:02.820+09:00  INFO 14138 --- [    Test worker] c.s.s.stock.service.ApiCallService       : ---------------getStockasbiDataFromApi  started----------------------------------------
2025-01-13T13:50:02.820+09:00  INFO 14138 --- [    Test worker] c.s.s.stock.service.TokenService         : ---------------getAccessToken  started----------------------------------------
2025-01-13T13:50:02.821+09:00  INFO 14138 --- [    Test worker] c.s.s.stock.service.TokenService         : ---------------tokenVerification : true----------------------------------------
2025-01-13T13:50:02.821+09:00  INFO 14138 --- [    Test worker] c.s.s.stock.service.TokenService         : --------------- token : eyJ0eXAiOiJKV1QiLCJhbGciOiJIUzUxMiJ9.eyJzdWIiOiJ0b2tlbiIsImF1ZCI6IjgzMTcxMmMzLWYzN2UtNDY0Ny04NThlLTEwZWQ3NDVlODhiZCIsInByZHRfY2QiOiIiLCJpc3MiOiJ1bm9ndyIsImV4cCI6MTczNjgzMDE5MiwiaWF0IjoxNzM2NzQzNzkyLCJqdGkiOiJQUzJHaTQ0RWY4bHRPbDBybXhkSkljTXdENFhET09nQlBWbVMifQ.ansbKrnzAswB-JuwFzgki9AU0p3-o8YpazwdnGnUKkSXoTsHS4EZDCDjZmqEpZ5IS-HYP4cwrZ3HTVz6vk8Zjw----------------------------------------
2025-01-13T13:50:02.821+09:00  INFO 14138 --- [    Test worker] c.s.s.stock.service.ApiCallService       : ---------------getStockasbiDataFromApi  request send----------------------------------------
2025-01-13T13:50:02.912+09:00  INFO 14138 --- [    Test worker] c.s.s.stock.service.ApiCallService       : ---------------getStockasbiDataFromApi successfully finished getOutput1 getAskp1: 104900----------------------------------------
Hibernate: 
    insert 
    into
        company
        (code,created_at,kor_name,modified_at) 
    values
        (?,?,?,?)
Hibernate: 
    insert 
    into
        stock_as_bi
        (askp1,askp10,askp2,askp3,askp4,askp5,askp6,askp7,askp8,askp9,askp_rsqn1,askp_rsqn10,askp_rsqn2,askp_rsqn3,askp_rsqn4,askp_rsqn5,askp_rsqn6,askp_rsqn7,askp_rsqn8,askp_rsqn9,bidp1,bidp10,bidp2,bidp3,bidp4,bidp5,bidp6,bidp7,bidp8,bidp9,bidp_rsqn1,bidp_rsqn10,bidp_rsqn2,bidp_rsqn3,bidp_rsqn4,bidp_rsqn5,bidp_rsqn6,bidp_rsqn7,bidp_rsqn8,bidp_rsqn9,company_id) 
    values
        (?,?,?,?,?,?,?,?,?,?,?,?,?,?,?,?,?,?,?,?,?,?,?,?,?,?,?,?,?,?,?,?,?,?,?,?,?,?,?,?,?)
Hibernate: 
    select
        c1_0.company_id,
        c1_0.code,
        c1_0.created_at,
        c1_0.kor_name,
        c1_0.modified_at 
    from
        company c1_0 
    where
        c1_0.company_id=?
Hibernate: 
    select
        s1_0.stock_as_bi_id,
        s1_0.askp1,
        s1_0.askp10,
        s1_0.askp2,
        s1_0.askp3,
        s1_0.askp4,
        s1_0.askp5,
        s1_0.askp6,
        s1_0.askp7,
        s1_0.askp8,
        s1_0.askp9,
        s1_0.askp_rsqn1,
        s1_0.askp_rsqn10,
        s1_0.askp_rsqn2,
        s1_0.askp_rsqn3,
        s1_0.askp_rsqn4,
        s1_0.askp_rsqn5,
        s1_0.askp_rsqn6,
        s1_0.askp_rsqn7,
        s1_0.askp_rsqn8,
        s1_0.askp_rsqn9,
        s1_0.bidp1,
        s1_0.bidp10,
        s1_0.bidp2,
        s1_0.bidp3,
        s1_0.bidp4,
        s1_0.bidp5,
        s1_0.bidp6,
        s1_0.bidp7,
        s1_0.bidp8,
        s1_0.bidp9,
        s1_0.bidp_rsqn1,
        s1_0.bidp_rsqn10,
        s1_0.bidp_rsqn2,
        s1_0.bidp_rsqn3,
        s1_0.bidp_rsqn4,
        s1_0.bidp_rsqn5,
        s1_0.bidp_rsqn6,
        s1_0.bidp_rsqn7,
        s1_0.bidp_rsqn8,
        s1_0.bidp_rsqn9,
        c1_0.company_id,
        c1_0.code,
        c1_0.created_at,
        c1_0.kor_name,
        c1_0.modified_at,
        s2_0.stock_inf_id,
        s2_0.acml_tr_pbmn,
        s2_0.acml_vol,
        s2_0.prdy_ctrt,
        s2_0.prdy_vrss,
        s2_0.stck_prpr 
    from
        stock_as_bi s1_0 
    left join
        company c1_0 
            on c1_0.company_id=s1_0.company_id 
    left join
        stock_inf s2_0 
            on c1_0.company_id=s2_0.company_id 
    where
        s1_0.company_id=?
Hibernate: 
    select
        s1_0.stock_inf_id,
        s1_0.acml_tr_pbmn,
        s1_0.acml_vol,
        c1_0.company_id,
        c1_0.code,
        c1_0.created_at,
        c1_0.kor_name,
        c1_0.modified_at,
        s2_0.stock_as_bi_id,
        s2_0.askp1,
        s2_0.askp10,
        s2_0.askp2,
        s2_0.askp3,
        s2_0.askp4,
        s2_0.askp5,
        s2_0.askp6,
        s2_0.askp7,
        s2_0.askp8,
        s2_0.askp9,
        s2_0.askp_rsqn1,
        s2_0.askp_rsqn10,
        s2_0.askp_rsqn2,
        s2_0.askp_rsqn3,
        s2_0.askp_rsqn4,
        s2_0.askp_rsqn5,
        s2_0.askp_rsqn6,
        s2_0.askp_rsqn7,
        s2_0.askp_rsqn8,
        s2_0.askp_rsqn9,
        s2_0.bidp1,
        s2_0.bidp10,
        s2_0.bidp2,
        s2_0.bidp3,
        s2_0.bidp4,
        s2_0.bidp5,
        s2_0.bidp6,
        s2_0.bidp7,
        s2_0.bidp8,
        s2_0.bidp9,
        s2_0.bidp_rsqn1,
        s2_0.bidp_rsqn10,
        s2_0.bidp_rsqn2,
        s2_0.bidp_rsqn3,
        s2_0.bidp_rsqn4,
        s2_0.bidp_rsqn5,
        s2_0.bidp_rsqn6,
        s2_0.bidp_rsqn7,
        s2_0.bidp_rsqn8,
        s2_0.bidp_rsqn9,
        s1_0.prdy_ctrt,
        s1_0.prdy_vrss,
        s1_0.stck_prpr 
    from
        stock_inf s1_0 
    left join
        company c1_0 
            on c1_0.company_id=s1_0.company_id 
    left join
        stock_as_bi s2_0 
            on c1_0.company_id=s2_0.company_id 
    where
        s1_0.company_id=?
2025-01-13T13:50:03.907+09:00  INFO 14138 --- [    Test worker] c.s.s.service.CompanyServiceTest         : 2
Hibernate: 
    insert 
    into
        company
        (code,created_at,kor_name,modified_at) 
    values
        (?,?,?,?)
2025-01-13T13:50:04.085+09:00  INFO 14138 --- [    Test worker] c.s.s.service.CompanyServiceTest         : savedCompany com.stocktide.stocktideserver.stock.entity.Company@5e8f7cf4
2025-01-13T13:50:04.202+09:00  INFO 14138 --- [    Test worker] c.s.s.stock.service.CompanyService       : ---------------findCompanies  started----------------------------------------
Hibernate: 
    select
        c1_0.company_id,
        c1_0.code,
        c1_0.created_at,
        c1_0.kor_name,
        c1_0.modified_at,
        s1_0.stock_as_bi_id,
        s1_0.askp1,
        s1_0.askp10,
        s1_0.askp2,
        s1_0.askp3,
        s1_0.askp4,
        s1_0.askp5,
        s1_0.askp6,
        s1_0.askp7,
        s1_0.askp8,
        s1_0.askp9,
        s1_0.askp_rsqn1,
        s1_0.askp_rsqn10,
        s1_0.askp_rsqn2,
        s1_0.askp_rsqn3,
        s1_0.askp_rsqn4,
        s1_0.askp_rsqn5,
        s1_0.askp_rsqn6,
        s1_0.askp_rsqn7,
        s1_0.askp_rsqn8,
        s1_0.askp_rsqn9,
        s1_0.bidp1,
        s1_0.bidp10,
        s1_0.bidp2,
        s1_0.bidp3,
        s1_0.bidp4,
        s1_0.bidp5,
        s1_0.bidp6,
        s1_0.bidp7,
        s1_0.bidp8,
        s1_0.bidp9,
        s1_0.bidp_rsqn1,
        s1_0.bidp_rsqn10,
        s1_0.bidp_rsqn2,
        s1_0.bidp_rsqn3,
        s1_0.bidp_rsqn4,
        s1_0.bidp_rsqn5,
        s1_0.bidp_rsqn6,
        s1_0.bidp_rsqn7,
        s1_0.bidp_rsqn8,
        s1_0.bidp_rsqn9,
        s1_0.company_id,
        s2_0.stock_inf_id,
        s2_0.acml_tr_pbmn,
        s2_0.acml_vol,
        s2_0.company_id,
        s2_0.prdy_ctrt,
        s2_0.prdy_vrss,
        s2_0.stck_prpr 
    from
        company c1_0 
    left join
        stock_as_bi s1_0 
            on c1_0.company_id=s1_0.company_id 
    left join
        stock_inf s2_0 
            on c1_0.company_id=s2_0.company_id
2025-01-13T13:50:04.256+09:00  INFO 14138 --- [    Test worker] c.s.s.stock.service.CompanyService       : ---------------findCompanies  finished [com.stocktide.stocktideserver.stock.entity.Company@2554d217, com.stocktide.stocktideserver.stock.entity.Company@44988600, com.stocktide.stocktideserver.stock.entity.Company@3d5662ac, com.stocktide.stocktideserver.stock.entity.Company@4ea9666b, com.stocktide.stocktideserver.stock.entity.Company@4a70aeeb, com.stocktide.stocktideserver.stock.entity.Company@6b283550, com.stocktide.stocktideserver.stock.entity.Company@68c39b28, com.stocktide.stocktideserver.stock.entity.Company@4e9f4264, com.stocktide.stocktideserver.stock.entity.Company@45c20d8f, com.stocktide.stocktideserver.stock.entity.Company@3d10a00a, com.stocktide.stocktideserver.stock.entity.Company@765e4ccc, com.stocktide.stocktideserver.stock.entity.Company@4611fe60, com.stocktide.stocktideserver.stock.entity.Company@2690d8ad, com.stocktide.stocktideserver.stock.entity.Company@4110e312, com.stocktide.stocktideserver.stock.entity.Company@5acee0a3]----------------------------------------
]]></system-out>
  <system-err><![CDATA[]]></system-err>
</testsuite>
